<?xml version="1.0" encoding="UTF-8"?>
<!-- Generated by org.testng.reporters.JUnitReportReporter -->
<testsuite skipped="0" hostname="Gowtham_S" name="service_now.Service_table" tests="1" failures="0" timestamp="11 Oct 2024 13:24:46 GMT" time="11.419" errors="0">
  <testcase name="addPlace" time="11.419" classname="service_now.Service_table"/>
</testsuite> <!-- service_now.Service_table -->
